This is pdfTeX, Version 3.14159265-2.6-1.40.21 (MiKTeX 2.9.7440 64-bit) (preloaded format=pdflatex 2022.1.31)  14 MAY 2022 13:52
entering extended mode
**"c:/Users/Admin/OneDrive - AUT University/PHD Journey/Papers/ECSA 2022 - Big Data Ra/latex-format/metaMycelia.tex"
("c:/Users/Admin/OneDrive - AUT University/PHD Journey/Papers/ECSA 2022 - Big Data Ra/latex-format/metaMycelia.tex"
LaTeX2e <2020-02-02> patch level 5
L3 programming layer <2020-05-15> ("c:/Users\Admin\OneDrive - AUT University\PHD Journey\Papers\ECSA 2022 - Big Data Ra\latex-format\llncs.cls"
Document Class: llncs 2022/01/12 v2.21 
 LaTeX document class for Lecture Notes in Computer Science
(D:\MikTex\tex/latex/base\article.cls
Document Class: article 2019/12/20 v1.4l Standard LaTeX document class
(D:\MikTex\tex/latex/base\size10.clo
File: size10.clo 2019/12/20 v1.4l Standard LaTeX file (size option)
)
\c@part=\count167
\c@section=\count168
\c@subsection=\count169
\c@subsubsection=\count170
\c@paragraph=\count171
\c@subparagraph=\count172
\c@figure=\count173
\c@table=\count174
\abovecaptionskip=\skip47
\belowcaptionskip=\skip48
\bibindent=\dimen134
) (D:\MikTex\tex/latex/tools\multicol.sty
Package: multicol 2019/12/09 v1.8y multicolumn formatting (FMi)
\c@tracingmulticols=\count175
\mult@box=\box45
\multicol@leftmargin=\dimen135
\c@unbalance=\count176
\c@collectmore=\count177
\doublecol@number=\count178
\multicoltolerance=\count179
\multicolpretolerance=\count180
\full@width=\dimen136
\page@free=\dimen137
\premulticols=\dimen138
\postmulticols=\dimen139
\multicolsep=\skip49
\multicolbaselineskip=\skip50
\partial@page=\box46
\last@line=\box47
\maxbalancingoverflow=\dimen140
\mult@rightbox=\box48
\mult@grightbox=\box49
\mult@gfirstbox=\box50
\mult@firstbox=\box51
\@tempa=\box52
\@tempa=\box53
\@tempa=\box54
\@tempa=\box55
\@tempa=\box56
\@tempa=\box57
\@tempa=\box58
\@tempa=\box59
\@tempa=\box60
\@tempa=\box61
\@tempa=\box62
\@tempa=\box63
\@tempa=\box64
\@tempa=\box65
\@tempa=\box66
\@tempa=\box67
\@tempa=\box68
\@tempa=\box69
\@tempa=\box70
\@tempa=\box71
\@tempa=\box72
\@tempa=\box73
\@tempa=\box74
\@tempa=\box75
\@tempa=\box76
\@tempa=\box77
\@tempa=\box78
\@tempa=\box79
\@tempa=\box80
\@tempa=\box81
\@tempa=\box82
\@tempa=\box83
\@tempa=\box84
\@tempa=\box85
\@tempa=\box86
\@tempa=\box87
\@tempa=\box88
\c@minrows=\count181
\c@columnbadness=\count182
\c@finalcolumnbadness=\count183
\last@try=\dimen141
\multicolovershoot=\dimen142
\multicolundershoot=\dimen143
\mult@nat@firstbox=\box89
\colbreak@box=\box90
\mc@col@check@num=\count184
) (D:\MikTex\tex/latex/oberdiek\aliascnt.sty
Package: aliascnt 2018/09/07 v1.5 Alias counters (HO)
)
\c@chapter=\count185
LaTeX Font Info:    Redeclaring math symbol \Gamma on input line 362.
LaTeX Font Info:    Redeclaring math symbol \Delta on input line 363.
LaTeX Font Info:    Redeclaring math symbol \Theta on input line 364.
LaTeX Font Info:    Redeclaring math symbol \Lambda on input line 365.
LaTeX Font Info:    Redeclaring math symbol \Xi on input line 366.
LaTeX Font Info:    Redeclaring math symbol \Pi on input line 367.
LaTeX Font Info:    Redeclaring math symbol \Sigma on input line 368.
LaTeX Font Info:    Redeclaring math symbol \Upsilon on input line 369.
LaTeX Font Info:    Redeclaring math symbol \Phi on input line 370.
LaTeX Font Info:    Redeclaring math symbol \Psi on input line 371.
LaTeX Font Info:    Redeclaring math symbol \Omega on input line 372.
\tocchpnum=\dimen144
\tocsecnum=\dimen145
\tocsectotal=\dimen146
\tocsubsecnum=\dimen147
\tocsubsectotal=\dimen148
\tocsubsubsecnum=\dimen149
\tocsubsubsectotal=\dimen150
\tocparanum=\dimen151
\tocparatotal=\dimen152
\tocsubparanum=\dimen153
\@tempcntc=\count186
\fnindent=\dimen154
\c@@inst=\count187
\c@@auth=\count188
\c@auco=\count189
\instindent=\dimen155
\authrun=\box91
\authorrunning=\toks15
\tocauthor=\toks16
\titrun=\box92
\titlerunning=\toks17
\toctitle=\toks18
\c@theorem=\count190
\c@case=\count191
\c@conjecture=\count192
\c@corollary=\count193
\c@definition=\count194
\c@example=\count195
\c@exercise=\count196
\c@lemma=\count197
\c@note=\count198
\c@problem=\count199
\c@property=\count266
\c@proposition=\count267
\c@question=\count268
\c@solution=\count269
\c@remark=\count270
\headlineindent=\dimen156
) (D:\MikTex\tex/latex/base\fontenc.sty
Package: fontenc 2020/02/11 v2.0o Standard LaTeX package
) (D:\MikTex\tex/latex/graphics\graphicx.sty
Package: graphicx 2019/11/30 v1.2a Enhanced LaTeX Graphics (DPC,SPQR)
 (D:\MikTex\tex/latex/graphics\keyval.sty
Package: keyval 2014/10/28 v1.15 key=value parser (DPC)
\KV@toks@=\toks19
) (D:\MikTex\tex/latex/graphics\graphics.sty
Package: graphics 2019/11/30 v1.4a Standard LaTeX Graphics (DPC,SPQR)
 (D:\MikTex\tex/latex/graphics\trig.sty
Package: trig 2016/01/03 v1.10 sin cos tan (DPC)
) (D:\MikTex\tex/latex/graphics-cfg\graphics.cfg
File: graphics.cfg 2016/06/04 v1.11 sample graphics configuration
)
Package graphics Info: Driver file: pdftex.def on input line 105.
 (D:\MikTex\tex/latex/graphics-def\pdftex.def
File: pdftex.def 2018/01/08 v1.0l Graphics/color driver for pdftex
))
\Gin@req@height=\dimen157
\Gin@req@width=\dimen158
) (D:\MikTex\tex/latex/l3backend\l3backend-pdfmode.def
File: l3backend-pdfmode.def 2020-05-05 L3 backend support: PDF mode
\l__kernel_color_stack_int=\count271
\l__pdf_internal_box=\box93
) ("c:/Users\Admin\OneDrive - AUT University\PHD Journey\Papers\ECSA 2022 - Big Data Ra\latex-format\metaMycelia.aux")
\openout1 = `metaMycelia.aux'.

LaTeX Font Info:    Checking defaults for OML/cmm/m/it on input line 17.
LaTeX Font Info:    ... okay on input line 17.
LaTeX Font Info:    Checking defaults for OMS/cmsy/m/n on input line 17.
LaTeX Font Info:    ... okay on input line 17.
LaTeX Font Info:    Checking defaults for OT1/cmr/m/n on input line 17.
LaTeX Font Info:    ... okay on input line 17.
LaTeX Font Info:    Checking defaults for T1/cmr/m/n on input line 17.
LaTeX Font Info:    ... okay on input line 17.
LaTeX Font Info:    Checking defaults for TS1/cmr/m/n on input line 17.
LaTeX Font Info:    ... okay on input line 17.
LaTeX Font Info:    Checking defaults for OMX/cmex/m/n on input line 17.
LaTeX Font Info:    ... okay on input line 17.
LaTeX Font Info:    Checking defaults for U/cmr/m/n on input line 17.
LaTeX Font Info:    ... okay on input line 17.
 (D:\MikTex\tex/context/base/mkii\supp-pdf.mkii
[Loading MPS to PDF converter (version 2006.09.02).]
\scratchcounter=\count272
\scratchdimen=\dimen159
\scratchbox=\box94
\nofMPsegments=\count273
\nofMParguments=\count274
\everyMPshowfont=\toks20
\MPscratchCnt=\count275
\MPscratchDim=\dimen160
\MPnumerator=\count276
\makeMPintoPDFobject=\count277
\everyMPtoPDFconversion=\toks21
) (D:\MikTex\tex/latex/epstopdf-pkg\epstopdf-base.sty
Package: epstopdf-base 2020-01-24 v2.11 Base part for package epstopdf
Package epstopdf-base Info: Redefining graphics rule for `.eps' on input line 485.
)
LaTeX Font Info:    External font `cmex10' loaded for size
(Font)              <7> on input line 38.
LaTeX Font Info:    External font `cmex10' loaded for size
(Font)              <5> on input line 38.
LaTeX Font Info:    External font `cmex10' loaded for size
(Font)              <9> on input line 38.
LaTeX Font Info:    External font `cmex10' loaded for size
(Font)              <6> on input line 38.
LaTeX Font Info:    Trying to load font information for T1+cmtt on input line 38.
 (D:\MikTex\tex/latex/base\t1cmtt.fd
File: t1cmtt.fd 2019/12/16 v2.5j Standard LaTeX font definitions
)
Title too long for running head. Please supply
a shorter form with \titlerunning prior to \maketitle
[1

{C:/Users/Admin/AppData/Local/MiKTeX/2.9/pdftex/config/pdftex.map}]

LaTeX Warning: Citation `mckines' on page 2 undefined on input line 62.

[2] [3] [4] [5] [6] [7] [8] [9]
<Media/Metamycelium.jpg, id=42, 1528.71124pt x 715.67375pt>
File: Media/Metamycelium.jpg Graphic file (type jpg)
<use Media/Metamycelium.jpg>
Package pdftex.def Info: Media/Metamycelium.jpg  used on input line 221.
(pdftex.def)             Requested size: 341.43306pt x 159.84026pt.


LaTeX Warning: `!h' float specifier changed to `!ht'.

[10] [11 <c:/Users/Admin/OneDrive - AUT University/PHD Journey/Papers/ECSA 2022 - Big Data Ra/latex-format/Media/Metamycelium.jpg>]
Underfull \vbox (badness 2158) has occurred while \output is active []

 [12] [13] [14] [15]
Underfull \vbox (badness 10000) has occurred while \output is active []

 [16] [17] ("c:/Users\Admin\OneDrive - AUT University\PHD Journey\Papers\ECSA 2022 - Big Data Ra\latex-format\metaMycelia.bbl"
Underfull \hbox (badness 4132) in paragraph at lines 26--31
[]\T1/cmr/m/n/9 Ataei, P., Litch-field, A.: Neomycelia: A soft-ware ref-er-ence ar-chi-tec-ture-
 []


Underfull \hbox (badness 4608) in paragraph at lines 26--31
\T1/cmr/m/n/9 for big data sys-tems. In: 2021 28th Asia-Pacific Soft-ware En-gi-neer-ing
 []


Underfull \hbox (badness 2717) in paragraph at lines 26--31
\T1/cmr/m/n/9 Con-fer-ence (APSEC). pp. 452--462. IEEE Com-puter So-ci-ety, Los Alami-
 []


Underfull \hbox (badness 1715) in paragraph at lines 26--31
\T1/cmr/m/n/9 tos, CA, USA (dec 2021). https://doi.org/10.1109/APSEC53868.2021.00052,
 []

[18] [19]
Underfull \hbox (badness 10000) in paragraph at lines 189--191
[]\T1/cmr/m/n/9 Partners, N.: Big data and ai ex-ec-u-tive sur-vey 2021 (2021),
 []


Overfull \hbox (58.075pt too wide) in paragraph at lines 189--191
\T1/cmr/m/n/9 https://www.supplychain247.com/paper/bi_data_and_ai_executive_survey_2021/pragmadik 
 []

[20]
Underfull \hbox (badness 3492) in paragraph at lines 244--246
[]\T1/cmr/m/n/9 International Or-ga-ni-za-tion for Stan-dard-iza-tion (ISO/IEC), I.: Iso/iec/ieee
 []


Underfull \hbox (badness 10000) in paragraph at lines 266--268
[]\T1/cmr/m/n/9 White, A.: Our top data and an-a-lyt-ics pre-dicts for 2019 (2019),
 []


Underfull \hbox (badness 10000) in paragraph at lines 266--268
\T1/cmr/m/n/9 https://blogs.gartner.com/andrew_white/2019/01/03/our-top-data-and-
 []

) [21] ("c:/Users\Admin\OneDrive - AUT University\PHD Journey\Papers\ECSA 2022 - Big Data Ra\latex-format\metaMycelia.aux") ) 
Here is how much of TeX's memory you used:
 1881 strings out of 480795
 25660 string characters out of 2913777
 269171 words of memory out of 3000000
 17897 multiletter control sequences out of 15000+200000
 541742 words of font info for 41 fonts, out of 3000000 for 9000
 1141 hyphenation exceptions out of 8191
 32i,6n,25p,1297b,294s stack positions out of 5000i,500n,10000p,200000b,50000s
 <C:\Users\Admin\AppData\Local\MiKTeX\2.9\fonts/pk/ljfour/jknappen/ec/dpi600\ecrm0700.pk> <C:\Users\Admin\AppData\Local\MiKTeX\2.9\fonts/pk/ljfour/jknappen/ec/dpi600\ecbx1000.pk> <C:\Users\Admin\AppData\Local\MiKTeX\2.9\fonts/pk/ljfour/jknappen/ec/dpi600\ecbx1200.pk> <C:\Users\Admin\AppData\Local\MiKTeX\2.9\fonts/pk/ljfour/jknappen/ec/dpi600\tcrm0900.pk> <C:\Users\Admin\AppData\Local\MiKTeX\2.9\fonts/pk/ljfour/jknappen/ec/dpi600\ecbx0900.pk> <C:\Users\Admin\AppData\Local\MiKTeX\2.9\fonts/pk/ljfour/jknappen/ec/dpi600\ectt0900.pk> <C:\Users\Admin\AppData\Local\MiKTeX\2.9\fonts/pk/ljfour/jknappen/ec/dpi600\ecrm0900.pk> <C:\Users\Admin\AppData\Local\MiKTeX\2.9\fonts/pk/ljfour/jknappen/ec/dpi600\ecrm1000.pk> <C:\Users\Admin\AppData\Local\MiKTeX\2.9\fonts/pk/ljfour/jknappen/ec/dpi600\ecbx1440.pk><D:/MikTex/fonts/type1/public/amsfonts/cm/cmmi10.pfb><D:/MikTex/fonts/type1/public/amsfonts/cm/cmmi7.pfb><D:/MikTex/fonts/type1/public/amsfonts/cm/cmr10.pfb><D:/MikTex/fonts/type1/public/amsfonts/cm/cmr6.pfb><D:/MikTex/fonts/type1/public/amsfonts/cm/cmr7.pfb><D:/MikTex/fonts/type1/public/amsfonts/cm/cmsy7.pfb>
Output written on "c:/Users\Admin\OneDrive - AUT University\PHD Journey\Papers\ECSA 2022 - Big Data Ra\latex-format\metaMycelia.pdf" (21 pages, 306805 bytes).
PDF statistics:
 455 PDF objects out of 1000 (max. 8388607)
 0 named destinations out of 1000 (max. 500000)
 6 words of extra memory for PDF output out of 10000 (max. 10000000)

